<?xml version="1.0" encoding="UTF-8"?>
<testng-results skipped="0" failed="0" ignored="0" total="1" passed="1">
  <reporter-output>
  </reporter-output>
  <suite name="WebDriver" duration-ms="14672" started-at="2020-02-02T16:15:53Z" finished-at="2020-02-02T16:16:08Z">
    <groups>
    </groups>
    <test name="Test" duration-ms="14672" started-at="2020-02-02T16:15:53Z" finished-at="2020-02-02T16:16:08Z">
      <class name="TestNG.verfiyaddbook">
        <test-method status="PASS" signature="launch()[pri:0, instance:TestNG.verfiyaddbook@5622fdf]" name="launch" is-config="true" duration-ms="7039" started-at="2020-02-02T16:15:53Z" finished-at="2020-02-02T16:16:00Z">
          <reporter-output>
          </reporter-output>
        </test-method> <!-- launch -->
        <test-method status="PASS" signature="verfiy()[pri:0, instance:TestNG.verfiyaddbook@5622fdf]" name="verfiy" duration-ms="5143" started-at="2020-02-02T16:16:00Z" finished-at="2020-02-02T16:16:05Z">
          <reporter-output>
          </reporter-output>
        </test-method> <!-- verfiy -->
        <test-method status="PASS" signature="close()[pri:0, instance:TestNG.verfiyaddbook@5622fdf]" name="close" is-config="true" duration-ms="2392" started-at="2020-02-02T16:16:05Z" finished-at="2020-02-02T16:16:08Z">
          <reporter-output>
          </reporter-output>
        </test-method> <!-- close -->
      </class> <!-- TestNG.verfiyaddbook -->
    </test> <!-- Test -->
  </suite> <!-- WebDriver -->
</testng-results>
